[debug] ----------------------------------------------------------------------
[debug] Command:      C:\Program Files\nodejs\node.exe C:\Users\dotnet\AppData\Roaming\npm\node_modules\firebase-tools\bin\firebase serve
[debug] CLI Version:  3.2.0
[debug] Platform:     win32
[debug] Node Version: v6.9.1
[debug] Time:         Fri Dec 16 2016 13:09:27 GMT+0530 (India Standard Time)
[debug] ----------------------------------------------------------------------
[debug] 
[info] Starting Firebase development server...
[info] 
[info] Project Directory: D:\eventApp\eventApp
[info] Public Directory: public
[info] 
[info] Server listening at: http://localhost:5000
[debug] ----------------------------------------------------------------------
[debug] Command:      C:\Program Files\nodejs\node.exe C:\Users\rita\AppData\Roaming\npm\node_modules\firebase-tools\bin\firebase serve
[debug] CLI Version:  3.2.0
[debug] Platform:     win32
[debug] Node Version: v4.6.1
[debug] Time:         Fri Dec 16 2016 18:29:21 GMT+0530 (India Standard Time)
[debug] ----------------------------------------------------------------------
[debug] 
[info] Starting Firebase development server...
[info] 
[info] Project Directory: E:\xampp\htdocs\eventApp
[info] Public Directory: public
[info] 
[info] Server listening at: http://localhost:5000
